2026-02-03 10:00:01 INFO Application started
2026-02-03 10:00:02 DEBUG Loading configuration from /etc/app/config.yaml
2026-02-03 10:00:03 INFO Configuration loaded successfully
2026-02-03 10:00:05 DEBUG Connecting to database at localhost:5432
2026-02-03 10:00:06 INFO Database connection established
2026-02-03 10:00:10 DEBUG Processing request from 192.168.1.100
2026-02-03 10:00:11 INFO Request processed in 45ms
2026-02-03 10:00:15 WARN High memory usage detected: 85%
2026-02-03 10:00:20 ERROR Failed to connect to external API: timeout
2026-02-03 10:00:21 DEBUG Retrying connection...
2026-02-03 10:00:25 INFO External API connection successful
2026-02-03 10:00:30 DEBUG Processing batch job with 1000 items
2026-02-03 10:00:45 INFO Batch job completed: 1000/1000 items
2026-02-03 10:01:00 TRACE Memory allocation: 256MB
2026-02-03 10:01:05 ERROR Database query failed: connection lost
2026-02-03 10:01:06 CRITICAL System entering degraded state
2026-02-03 10:01:10 INFO Attempting automatic recovery
2026-02-03 10:01:15 INFO Recovery successful, normal operation resumed
2026-02-03 10:01:20 DEBUG Garbage collection triggered
2026-02-03 10:01:25 INFO System health check: OK
